2025-12-30T18:17:50Z DBG_TRAP_TOP user=DESKTOP-5BHFT4V$ pid=8480
2025-12-30T18:17:50Z DBG_SCRIPT_START user=DESKTOP-5BHFT4V$ pid=8480
2025-12-30T18:17:52Z DBG_SCRIPT_END user=DESKTOP-5BHFT4V$ pid=8480
2025-12-30T18:17:52Z DBG_MAIN_ENTER
2025-12-30T18:17:52Z DBG_ENTRY_WARMUP
2025-12-30T18:17:52Z DBG_SHOULDLOG_ENTER_FORCE
2025-12-30T18:17:52Z DBG_SHOULDLOG_ENTER key=taskwarmup|DESKTOP-5BHFT4V|8480
2025-12-30T18:17:56Z DBG_FP_WRITE_POST ok file=C:\ProgramData\GuardianFW\state\event-fingerprint.json
2025-12-30T18:17:58Z DBG_ENTRY_WARMUP_OK allow=True key=taskwarmup|DESKTOP-5BHFT4V|8480
2025-12-30T18:18:11Z DBG_BEFORE_MAIN_EXIT
2025-12-30T18:18:11Z DBG_MAIN_EXIT
2025-12-30T18:18:20Z DBG_TRAP_TOP user=DESKTOP-5BHFT4V$ pid=20728
2025-12-30T18:18:20Z DBG_SCRIPT_START user=DESKTOP-5BHFT4V$ pid=20728
2025-12-30T18:18:21Z DBG_SCRIPT_END user=DESKTOP-5BHFT4V$ pid=20728
2025-12-30T18:18:21Z DBG_MAIN_ENTER
2025-12-30T18:18:21Z DBG_ENTRY_WARMUP
2025-12-30T18:18:21Z DBG_SHOULDLOG_ENTER_FORCE
2025-12-30T18:18:21Z DBG_SHOULDLOG_ENTER key=taskwarmup|DESKTOP-5BHFT4V|20728
2025-12-30T18:18:25Z DBG_FP_WRITE_POST ok file=C:\ProgramData\GuardianFW\state\event-fingerprint.json
2025-12-30T18:18:30Z DBG_ENTRY_WARMUP_OK allow=True key=taskwarmup|DESKTOP-5BHFT4V|20728
2025-12-30T18:18:45Z DBG_BEFORE_MAIN_EXIT
2025-12-30T18:18:45Z DBG_MAIN_EXIT
2025-12-30T18:20:20Z DBG_TRAP_TOP user=DESKTOP-5BHFT4V$ pid=8776
2025-12-30T18:20:20Z DBG_SCRIPT_START user=DESKTOP-5BHFT4V$ pid=8776
2025-12-30T18:20:21Z DBG_SCRIPT_END user=DESKTOP-5BHFT4V$ pid=8776
2025-12-30T18:20:21Z DBG_MAIN_ENTER
2025-12-30T18:20:21Z DBG_ENTRY_WARMUP
2025-12-30T18:20:21Z DBG_SHOULDLOG_ENTER_FORCE
2025-12-30T18:20:21Z DBG_SHOULDLOG_ENTER key=taskwarmup|DESKTOP-5BHFT4V|8776
2025-12-30T18:20:25Z DBG_FP_WRITE_POST ok file=C:\ProgramData\GuardianFW\state\event-fingerprint.json
2025-12-30T18:20:27Z DBG_ENTRY_WARMUP_OK allow=True key=taskwarmup|DESKTOP-5BHFT4V|8776
2025-12-30T18:20:38Z DBG_BEFORE_MAIN_EXIT
2025-12-30T18:20:38Z DBG_MAIN_EXIT
2025-12-30T18:22:20Z DBG_TRAP_TOP user=DESKTOP-5BHFT4V$ pid=10528
2025-12-30T18:22:20Z DBG_SCRIPT_START user=DESKTOP-5BHFT4V$ pid=10528
2025-12-30T18:22:21Z DBG_SCRIPT_END user=DESKTOP-5BHFT4V$ pid=10528
2025-12-30T18:22:21Z DBG_MAIN_ENTER
2025-12-30T18:22:21Z DBG_ENTRY_WARMUP
2025-12-30T18:22:21Z DBG_SHOULDLOG_ENTER_FORCE
2025-12-30T18:22:21Z DBG_SHOULDLOG_ENTER key=taskwarmup|DESKTOP-5BHFT4V|10528
2025-12-30T18:22:28Z DBG_FP_WRITE_POST ok file=C:\ProgramData\GuardianFW\state\event-fingerprint.json
2025-12-30T18:22:31Z DBG_ENTRY_WARMUP_OK allow=True key=taskwarmup|DESKTOP-5BHFT4V|10528
2025-12-30T18:22:45Z DBG_BEFORE_MAIN_EXIT
2025-12-30T18:22:45Z DBG_MAIN_EXIT
2025-12-30T18:24:20Z DBG_TRAP_TOP user=DESKTOP-5BHFT4V$ pid=12468
2025-12-30T18:24:20Z DBG_SCRIPT_START user=DESKTOP-5BHFT4V$ pid=12468
2025-12-30T18:24:22Z DBG_SCRIPT_END user=DESKTOP-5BHFT4V$ pid=12468
2025-12-30T18:24:22Z DBG_MAIN_ENTER
2025-12-30T18:24:22Z DBG_ENTRY_WARMUP
2025-12-30T18:24:22Z DBG_SHOULDLOG_ENTER_FORCE
2025-12-30T18:24:22Z DBG_SHOULDLOG_ENTER key=taskwarmup|DESKTOP-5BHFT4V|12468
2025-12-30T18:24:26Z DBG_FP_WRITE_POST ok file=C:\ProgramData\GuardianFW\state\event-fingerprint.json
2025-12-30T18:24:30Z DBG_ENTRY_WARMUP_OK allow=True key=taskwarmup|DESKTOP-5BHFT4V|12468
2025-12-30T18:24:40Z DBG_BEFORE_MAIN_EXIT
2025-12-30T18:24:40Z DBG_MAIN_EXIT
2025-12-30T18:26:20Z DBG_TRAP_TOP user=DESKTOP-5BHFT4V$ pid=17292
2025-12-30T18:26:20Z DBG_SCRIPT_START user=DESKTOP-5BHFT4V$ pid=17292
2025-12-30T18:26:21Z DBG_SCRIPT_END user=DESKTOP-5BHFT4V$ pid=17292
2025-12-30T18:26:21Z DBG_MAIN_ENTER
2025-12-30T18:26:21Z DBG_ENTRY_WARMUP
2025-12-30T18:26:21Z DBG_SHOULDLOG_ENTER_FORCE
2025-12-30T18:26:21Z DBG_SHOULDLOG_ENTER key=taskwarmup|DESKTOP-5BHFT4V|17292
2025-12-30T18:26:25Z DBG_FP_WRITE_POST ok file=C:\ProgramData\GuardianFW\state\event-fingerprint.json
2025-12-30T18:26:28Z DBG_ENTRY_WARMUP_OK allow=True key=taskwarmup|DESKTOP-5BHFT4V|17292
2025-12-30T18:26:48Z DBG_BEFORE_MAIN_EXIT
2025-12-30T18:26:48Z DBG_MAIN_EXIT
2025-12-30T18:28:20Z DBG_TRAP_TOP user=DESKTOP-5BHFT4V$ pid=7124
2025-12-30T18:28:20Z DBG_SCRIPT_START user=DESKTOP-5BHFT4V$ pid=7124
2025-12-30T18:28:21Z DBG_SCRIPT_END user=DESKTOP-5BHFT4V$ pid=7124
2025-12-30T18:28:21Z DBG_MAIN_ENTER
2025-12-30T18:28:21Z DBG_ENTRY_WARMUP
2025-12-30T18:28:21Z DBG_SHOULDLOG_ENTER_FORCE
2025-12-30T18:28:21Z DBG_SHOULDLOG_ENTER key=taskwarmup|DESKTOP-5BHFT4V|7124
2025-12-30T18:28:25Z DBG_FP_WRITE_POST ok file=C:\ProgramData\GuardianFW\state\event-fingerprint.json
2025-12-30T18:28:27Z DBG_ENTRY_WARMUP_OK allow=True key=taskwarmup|DESKTOP-5BHFT4V|7124
2025-12-30T18:28:40Z DBG_BEFORE_MAIN_EXIT
2025-12-30T18:28:40Z DBG_MAIN_EXIT
2025-12-30T18:30:20Z DBG_TRAP_TOP user=DESKTOP-5BHFT4V$ pid=16240
2025-12-30T18:30:20Z DBG_SCRIPT_START user=DESKTOP-5BHFT4V$ pid=16240
2025-12-30T18:30:21Z DBG_SCRIPT_END user=DESKTOP-5BHFT4V$ pid=16240
2025-12-30T18:30:21Z DBG_MAIN_ENTER
2025-12-30T18:30:21Z DBG_ENTRY_WARMUP
2025-12-30T18:30:21Z DBG_SHOULDLOG_ENTER_FORCE
2025-12-30T18:30:21Z DBG_SHOULDLOG_ENTER key=taskwarmup|DESKTOP-5BHFT4V|16240
2025-12-30T18:30:29Z DBG_FP_WRITE_POST ok file=C:\ProgramData\GuardianFW\state\event-fingerprint.json
2025-12-30T18:30:33Z DBG_ENTRY_WARMUP_OK allow=True key=taskwarmup|DESKTOP-5BHFT4V|16240
2025-12-30T18:30:51Z DBG_BEFORE_MAIN_EXIT
2025-12-30T18:30:51Z DBG_MAIN_EXIT
2025-12-30T18:32:19Z DBG_TRAP_TOP user=DESKTOP-5BHFT4V$ pid=23392
2025-12-30T18:32:19Z DBG_SCRIPT_START user=DESKTOP-5BHFT4V$ pid=23392
2025-12-30T18:32:22Z DBG_SCRIPT_END user=DESKTOP-5BHFT4V$ pid=23392
2025-12-30T18:32:22Z DBG_MAIN_ENTER
2025-12-30T18:32:22Z DBG_ENTRY_WARMUP
2025-12-30T18:32:22Z DBG_SHOULDLOG_ENTER_FORCE
2025-12-30T18:32:22Z DBG_SHOULDLOG_ENTER key=taskwarmup|DESKTOP-5BHFT4V|23392
2025-12-30T18:32:30Z DBG_FP_WRITE_POST ok file=C:\ProgramData\GuardianFW\state\event-fingerprint.json
2025-12-30T18:32:32Z DBG_ENTRY_WARMUP_OK allow=True key=taskwarmup|DESKTOP-5BHFT4V|23392
2025-12-30T18:32:43Z DBG_BEFORE_MAIN_EXIT
2025-12-30T18:32:43Z DBG_MAIN_EXIT
2025-12-30T18:34:19Z DBG_TRAP_TOP user=DESKTOP-5BHFT4V$ pid=21540
2025-12-30T18:34:19Z DBG_SCRIPT_START user=DESKTOP-5BHFT4V$ pid=21540
2025-12-30T18:34:21Z DBG_SCRIPT_END user=DESKTOP-5BHFT4V$ pid=21540
2025-12-30T18:34:21Z DBG_MAIN_ENTER
2025-12-30T18:34:21Z DBG_ENTRY_WARMUP
2025-12-30T18:34:21Z DBG_SHOULDLOG_ENTER_FORCE
2025-12-30T18:34:21Z DBG_SHOULDLOG_ENTER key=taskwarmup|DESKTOP-5BHFT4V|21540
2025-12-30T18:34:26Z DBG_FP_WRITE_POST ok file=C:\ProgramData\GuardianFW\state\event-fingerprint.json
2025-12-30T18:34:29Z DBG_ENTRY_WARMUP_OK allow=True key=taskwarmup|DESKTOP-5BHFT4V|21540
2025-12-30T18:34:42Z DBG_BEFORE_MAIN_EXIT
2025-12-30T18:34:42Z DBG_MAIN_EXIT
2025-12-30T18:36:19Z DBG_TRAP_TOP user=DESKTOP-5BHFT4V$ pid=22400
2025-12-30T18:36:19Z DBG_SCRIPT_START user=DESKTOP-5BHFT4V$ pid=22400
2025-12-30T18:36:21Z DBG_SCRIPT_END user=DESKTOP-5BHFT4V$ pid=22400
2025-12-30T18:36:21Z DBG_MAIN_ENTER
2025-12-30T18:36:21Z DBG_ENTRY_WARMUP
2025-12-30T18:36:21Z DBG_SHOULDLOG_ENTER_FORCE
2025-12-30T18:36:21Z DBG_SHOULDLOG_ENTER key=taskwarmup|DESKTOP-5BHFT4V|22400
2025-12-30T18:36:25Z DBG_FP_WRITE_POST ok file=C:\ProgramData\GuardianFW\state\event-fingerprint.json
2025-12-30T18:36:28Z DBG_ENTRY_WARMUP_OK allow=True key=taskwarmup|DESKTOP-5BHFT4V|22400
2025-12-30T18:36:39Z DBG_BEFORE_MAIN_EXIT
2025-12-30T18:36:39Z DBG_MAIN_EXIT
2025-12-30T18:38:19Z DBG_TRAP_TOP user=DESKTOP-5BHFT4V$ pid=9892
2025-12-30T18:38:19Z DBG_SCRIPT_START user=DESKTOP-5BHFT4V$ pid=9892
2025-12-30T18:38:20Z DBG_SCRIPT_END user=DESKTOP-5BHFT4V$ pid=9892
2025-12-30T18:38:20Z DBG_MAIN_ENTER
2025-12-30T18:38:20Z DBG_ENTRY_WARMUP
2025-12-30T18:38:20Z DBG_SHOULDLOG_ENTER_FORCE
2025-12-30T18:38:20Z DBG_SHOULDLOG_ENTER key=taskwarmup|DESKTOP-5BHFT4V|9892
2025-12-30T18:38:24Z DBG_FP_WRITE_POST ok file=C:\ProgramData\GuardianFW\state\event-fingerprint.json
2025-12-30T18:38:25Z DBG_ENTRY_WARMUP_OK allow=True key=taskwarmup|DESKTOP-5BHFT4V|9892
2025-12-30T18:38:36Z DBG_BEFORE_MAIN_EXIT
2025-12-30T18:38:36Z DBG_MAIN_EXIT
2025-12-30T18:40:19Z DBG_TRAP_TOP user=DESKTOP-5BHFT4V$ pid=18876
2025-12-30T18:40:19Z DBG_SCRIPT_START user=DESKTOP-5BHFT4V$ pid=18876
2025-12-30T18:40:20Z DBG_SCRIPT_END user=DESKTOP-5BHFT4V$ pid=18876
2025-12-30T18:40:20Z DBG_MAIN_ENTER
2025-12-30T18:40:20Z DBG_ENTRY_WARMUP
2025-12-30T18:40:20Z DBG_SHOULDLOG_ENTER_FORCE
2025-12-30T18:40:20Z DBG_SHOULDLOG_ENTER key=taskwarmup|DESKTOP-5BHFT4V|18876
2025-12-30T18:40:26Z DBG_FP_WRITE_POST ok file=C:\ProgramData\GuardianFW\state\event-fingerprint.json
2025-12-30T18:40:28Z DBG_ENTRY_WARMUP_OK allow=True key=taskwarmup|DESKTOP-5BHFT4V|18876
2025-12-30T18:40:43Z DBG_BEFORE_MAIN_EXIT
2025-12-30T18:40:43Z DBG_MAIN_EXIT
2025-12-30T18:42:19Z DBG_TRAP_TOP user=DESKTOP-5BHFT4V$ pid=4324
2025-12-30T18:42:19Z DBG_SCRIPT_START user=DESKTOP-5BHFT4V$ pid=4324
2025-12-30T18:42:20Z DBG_SCRIPT_END user=DESKTOP-5BHFT4V$ pid=4324
2025-12-30T18:42:20Z DBG_MAIN_ENTER
2025-12-30T18:42:20Z DBG_ENTRY_WARMUP
2025-12-30T18:42:20Z DBG_SHOULDLOG_ENTER_FORCE
2025-12-30T18:42:20Z DBG_SHOULDLOG_ENTER key=taskwarmup|DESKTOP-5BHFT4V|4324
2025-12-30T18:42:25Z DBG_FP_WRITE_POST ok file=C:\ProgramData\GuardianFW\state\event-fingerprint.json
2025-12-30T18:42:28Z DBG_ENTRY_WARMUP_OK allow=True key=taskwarmup|DESKTOP-5BHFT4V|4324
2025-12-30T18:42:41Z DBG_BEFORE_MAIN_EXIT
2025-12-30T18:42:41Z DBG_MAIN_EXIT
2025-12-30T18:44:19Z DBG_TRAP_TOP user=DESKTOP-5BHFT4V$ pid=21756
2025-12-30T18:44:19Z DBG_SCRIPT_START user=DESKTOP-5BHFT4V$ pid=21756
2025-12-30T18:44:20Z DBG_SCRIPT_END user=DESKTOP-5BHFT4V$ pid=21756
2025-12-30T18:44:20Z DBG_MAIN_ENTER
2025-12-30T18:44:20Z DBG_ENTRY_WARMUP
2025-12-30T18:44:20Z DBG_SHOULDLOG_ENTER_FORCE
2025-12-30T18:44:20Z DBG_SHOULDLOG_ENTER key=taskwarmup|DESKTOP-5BHFT4V|21756
2025-12-30T18:44:26Z DBG_FP_WRITE_POST ok file=C:\ProgramData\GuardianFW\state\event-fingerprint.json
2025-12-30T18:44:28Z DBG_ENTRY_WARMUP_OK allow=True key=taskwarmup|DESKTOP-5BHFT4V|21756
2025-12-30T18:44:41Z DBG_BEFORE_MAIN_EXIT
2025-12-30T18:44:41Z DBG_MAIN_EXIT
2025-12-30T18:46:19Z DBG_TRAP_TOP user=DESKTOP-5BHFT4V$ pid=14364
2025-12-30T18:46:19Z DBG_SCRIPT_START user=DESKTOP-5BHFT4V$ pid=14364
2025-12-30T18:46:20Z DBG_SCRIPT_END user=DESKTOP-5BHFT4V$ pid=14364
2025-12-30T18:46:20Z DBG_MAIN_ENTER
2025-12-30T18:46:20Z DBG_ENTRY_WARMUP
2025-12-30T18:46:20Z DBG_SHOULDLOG_ENTER_FORCE
2025-12-30T18:46:20Z DBG_SHOULDLOG_ENTER key=taskwarmup|DESKTOP-5BHFT4V|14364
2025-12-30T18:46:25Z DBG_FP_WRITE_POST ok file=C:\ProgramData\GuardianFW\state\event-fingerprint.json
2025-12-30T18:46:27Z DBG_ENTRY_WARMUP_OK allow=True key=taskwarmup|DESKTOP-5BHFT4V|14364
2025-12-30T18:46:38Z DBG_BEFORE_MAIN_EXIT
2025-12-30T18:46:38Z DBG_MAIN_EXIT
2025-12-30T18:48:19Z DBG_TRAP_TOP user=DESKTOP-5BHFT4V$ pid=23312
2025-12-30T18:48:19Z DBG_SCRIPT_START user=DESKTOP-5BHFT4V$ pid=23312
2025-12-30T18:48:21Z DBG_SCRIPT_END user=DESKTOP-5BHFT4V$ pid=23312
2025-12-30T18:48:21Z DBG_MAIN_ENTER
2025-12-30T18:48:21Z DBG_ENTRY_WARMUP
2025-12-30T18:48:21Z DBG_SHOULDLOG_ENTER_FORCE
2025-12-30T18:48:21Z DBG_SHOULDLOG_ENTER key=taskwarmup|DESKTOP-5BHFT4V|23312
2025-12-30T18:48:25Z DBG_FP_WRITE_POST ok file=C:\ProgramData\GuardianFW\state\event-fingerprint.json
2025-12-30T18:48:27Z DBG_ENTRY_WARMUP_OK allow=True key=taskwarmup|DESKTOP-5BHFT4V|23312
2025-12-30T18:48:40Z DBG_BEFORE_MAIN_EXIT
2025-12-30T18:48:40Z DBG_MAIN_EXIT
2025-12-30T18:50:19Z DBG_TRAP_TOP user=DESKTOP-5BHFT4V$ pid=22816
2025-12-30T18:50:19Z DBG_SCRIPT_START user=DESKTOP-5BHFT4V$ pid=22816
2025-12-30T18:50:20Z DBG_SCRIPT_END user=DESKTOP-5BHFT4V$ pid=22816
2025-12-30T18:50:20Z DBG_MAIN_ENTER
2025-12-30T18:50:20Z DBG_ENTRY_WARMUP
2025-12-30T18:50:20Z DBG_SHOULDLOG_ENTER_FORCE
2025-12-30T18:50:20Z DBG_SHOULDLOG_ENTER key=taskwarmup|DESKTOP-5BHFT4V|22816
2025-12-30T18:50:24Z DBG_FP_WRITE_POST ok file=C:\ProgramData\GuardianFW\state\event-fingerprint.json
2025-12-30T18:50:30Z DBG_ENTRY_WARMUP_OK allow=True key=taskwarmup|DESKTOP-5BHFT4V|22816
2025-12-30T18:50:43Z DBG_BEFORE_MAIN_EXIT
2025-12-30T18:50:43Z DBG_MAIN_EXIT
2025-12-30T18:52:19Z DBG_TRAP_TOP user=DESKTOP-5BHFT4V$ pid=25244
2025-12-30T18:52:19Z DBG_SCRIPT_START user=DESKTOP-5BHFT4V$ pid=25244
2025-12-30T18:52:20Z DBG_SCRIPT_END user=DESKTOP-5BHFT4V$ pid=25244
2025-12-30T18:52:20Z DBG_MAIN_ENTER
2025-12-30T18:52:20Z DBG_ENTRY_WARMUP
2025-12-30T18:52:20Z DBG_SHOULDLOG_ENTER_FORCE
2025-12-30T18:52:20Z DBG_SHOULDLOG_ENTER key=taskwarmup|DESKTOP-5BHFT4V|25244
2025-12-30T18:52:24Z DBG_FP_WRITE_POST ok file=C:\ProgramData\GuardianFW\state\event-fingerprint.json
2025-12-30T18:52:26Z DBG_ENTRY_WARMUP_OK allow=True key=taskwarmup|DESKTOP-5BHFT4V|25244
2025-12-30T18:52:37Z DBG_BEFORE_MAIN_EXIT
2025-12-30T18:52:37Z DBG_MAIN_EXIT
2025-12-30T18:54:19Z DBG_TRAP_TOP user=DESKTOP-5BHFT4V$ pid=24580
2025-12-30T18:54:19Z DBG_SCRIPT_START user=DESKTOP-5BHFT4V$ pid=24580
2025-12-30T18:54:21Z DBG_SCRIPT_END user=DESKTOP-5BHFT4V$ pid=24580
2025-12-30T18:54:21Z DBG_MAIN_ENTER
2025-12-30T18:54:21Z DBG_ENTRY_WARMUP
2025-12-30T18:54:21Z DBG_SHOULDLOG_ENTER_FORCE
2025-12-30T18:54:21Z DBG_SHOULDLOG_ENTER key=taskwarmup|DESKTOP-5BHFT4V|24580
2025-12-30T18:54:25Z DBG_FP_WRITE_POST ok file=C:\ProgramData\GuardianFW\state\event-fingerprint.json
2025-12-30T18:54:27Z DBG_ENTRY_WARMUP_OK allow=True key=taskwarmup|DESKTOP-5BHFT4V|24580
2025-12-30T18:54:39Z DBG_BEFORE_MAIN_EXIT
2025-12-30T18:54:39Z DBG_MAIN_EXIT
2025-12-30T18:56:19Z DBG_TRAP_TOP user=DESKTOP-5BHFT4V$ pid=23356
2025-12-30T18:56:19Z DBG_SCRIPT_START user=DESKTOP-5BHFT4V$ pid=23356
2025-12-30T18:56:21Z DBG_SCRIPT_END user=DESKTOP-5BHFT4V$ pid=23356
2025-12-30T18:56:21Z DBG_MAIN_ENTER
2025-12-30T18:56:21Z DBG_ENTRY_WARMUP
2025-12-30T18:56:21Z DBG_SHOULDLOG_ENTER_FORCE
2025-12-30T18:56:21Z DBG_SHOULDLOG_ENTER key=taskwarmup|DESKTOP-5BHFT4V|23356
2025-12-30T18:56:25Z DBG_FP_WRITE_POST ok file=C:\ProgramData\GuardianFW\state\event-fingerprint.json
2025-12-30T18:56:28Z DBG_ENTRY_WARMUP_OK allow=True key=taskwarmup|DESKTOP-5BHFT4V|23356
2025-12-30T18:56:40Z DBG_BEFORE_MAIN_EXIT
2025-12-30T18:56:40Z DBG_MAIN_EXIT
2025-12-30T18:58:19Z DBG_TRAP_TOP user=DESKTOP-5BHFT4V$ pid=25504
2025-12-30T18:58:19Z DBG_SCRIPT_START user=DESKTOP-5BHFT4V$ pid=25504
2025-12-30T18:58:20Z DBG_SCRIPT_END user=DESKTOP-5BHFT4V$ pid=25504
2025-12-30T18:58:20Z DBG_MAIN_ENTER
2025-12-30T18:58:20Z DBG_ENTRY_WARMUP
2025-12-30T18:58:20Z DBG_SHOULDLOG_ENTER_FORCE
2025-12-30T18:58:20Z DBG_SHOULDLOG_ENTER key=taskwarmup|DESKTOP-5BHFT4V|25504
2025-12-30T18:58:25Z DBG_FP_WRITE_POST ok file=C:\ProgramData\GuardianFW\state\event-fingerprint.json
2025-12-30T18:58:27Z DBG_ENTRY_WARMUP_OK allow=True key=taskwarmup|DESKTOP-5BHFT4V|25504
2025-12-30T18:58:41Z DBG_BEFORE_MAIN_EXIT
2025-12-30T18:58:41Z DBG_MAIN_EXIT
2025-12-30T19:00:19Z DBG_TRAP_TOP user=DESKTOP-5BHFT4V$ pid=10876
2025-12-30T19:00:19Z DBG_SCRIPT_START user=DESKTOP-5BHFT4V$ pid=10876
2025-12-30T19:00:21Z DBG_SCRIPT_END user=DESKTOP-5BHFT4V$ pid=10876
2025-12-30T19:00:21Z DBG_MAIN_ENTER
2025-12-30T19:00:21Z DBG_ENTRY_WARMUP
2025-12-30T19:00:21Z DBG_SHOULDLOG_ENTER_FORCE
2025-12-30T19:00:21Z DBG_SHOULDLOG_ENTER key=taskwarmup|DESKTOP-5BHFT4V|10876
2025-12-30T19:00:25Z DBG_FP_WRITE_POST ok file=C:\ProgramData\GuardianFW\state\event-fingerprint.json
2025-12-30T19:00:27Z DBG_ENTRY_WARMUP_OK allow=True key=taskwarmup|DESKTOP-5BHFT4V|10876
2025-12-30T19:00:38Z DBG_BEFORE_MAIN_EXIT
2025-12-30T19:00:38Z DBG_MAIN_EXIT
2025-12-30T19:02:19Z DBG_TRAP_TOP user=DESKTOP-5BHFT4V$ pid=20024
2025-12-30T19:02:19Z DBG_SCRIPT_START user=DESKTOP-5BHFT4V$ pid=20024
2025-12-30T19:02:20Z DBG_SCRIPT_END user=DESKTOP-5BHFT4V$ pid=20024
2025-12-30T19:02:20Z DBG_MAIN_ENTER
2025-12-30T19:02:20Z DBG_ENTRY_WARMUP
2025-12-30T19:02:20Z DBG_SHOULDLOG_ENTER_FORCE
2025-12-30T19:02:20Z DBG_SHOULDLOG_ENTER key=taskwarmup|DESKTOP-5BHFT4V|20024
2025-12-30T19:02:24Z DBG_FP_WRITE_POST ok file=C:\ProgramData\GuardianFW\state\event-fingerprint.json
2025-12-30T19:02:27Z DBG_ENTRY_WARMUP_OK allow=True key=taskwarmup|DESKTOP-5BHFT4V|20024
2025-12-30T19:02:38Z DBG_BEFORE_MAIN_EXIT
2025-12-30T19:02:38Z DBG_MAIN_EXIT
2025-12-30T19:04:19Z DBG_TRAP_TOP user=DESKTOP-5BHFT4V$ pid=16828
2025-12-30T19:04:19Z DBG_SCRIPT_START user=DESKTOP-5BHFT4V$ pid=16828
2025-12-30T19:04:20Z DBG_SCRIPT_END user=DESKTOP-5BHFT4V$ pid=16828
2025-12-30T19:04:20Z DBG_MAIN_ENTER
2025-12-30T19:04:20Z DBG_ENTRY_WARMUP
2025-12-30T19:04:20Z DBG_SHOULDLOG_ENTER_FORCE
2025-12-30T19:04:20Z DBG_SHOULDLOG_ENTER key=taskwarmup|DESKTOP-5BHFT4V|16828
2025-12-30T19:04:26Z DBG_FP_WRITE_POST ok file=C:\ProgramData\GuardianFW\state\event-fingerprint.json
2025-12-30T19:04:28Z DBG_ENTRY_WARMUP_OK allow=True key=taskwarmup|DESKTOP-5BHFT4V|16828
2025-12-30T19:04:42Z DBG_BEFORE_MAIN_EXIT
2025-12-30T19:04:42Z DBG_MAIN_EXIT
2025-12-30T19:06:19Z DBG_TRAP_TOP user=DESKTOP-5BHFT4V$ pid=3204
2025-12-30T19:06:19Z DBG_SCRIPT_START user=DESKTOP-5BHFT4V$ pid=3204
2025-12-30T19:06:20Z DBG_SCRIPT_END user=DESKTOP-5BHFT4V$ pid=3204
2025-12-30T19:06:20Z DBG_MAIN_ENTER
2025-12-30T19:06:20Z DBG_ENTRY_WARMUP
2025-12-30T19:06:20Z DBG_SHOULDLOG_ENTER_FORCE
2025-12-30T19:06:20Z DBG_SHOULDLOG_ENTER key=taskwarmup|DESKTOP-5BHFT4V|3204
2025-12-30T19:06:25Z DBG_FP_WRITE_POST ok file=C:\ProgramData\GuardianFW\state\event-fingerprint.json
2025-12-30T19:06:28Z DBG_ENTRY_WARMUP_OK allow=True key=taskwarmup|DESKTOP-5BHFT4V|3204
2025-12-30T19:06:41Z DBG_BEFORE_MAIN_EXIT
2025-12-30T19:06:41Z DBG_MAIN_EXIT
2025-12-30T19:08:19Z DBG_TRAP_TOP user=DESKTOP-5BHFT4V$ pid=6996
2025-12-30T19:08:19Z DBG_SCRIPT_START user=DESKTOP-5BHFT4V$ pid=6996
2025-12-30T19:08:21Z DBG_SCRIPT_END user=DESKTOP-5BHFT4V$ pid=6996
2025-12-30T19:08:21Z DBG_MAIN_ENTER
2025-12-30T19:08:21Z DBG_ENTRY_WARMUP
2025-12-30T19:08:21Z DBG_SHOULDLOG_ENTER_FORCE
2025-12-30T19:08:21Z DBG_SHOULDLOG_ENTER key=taskwarmup|DESKTOP-5BHFT4V|6996
2025-12-30T19:08:26Z DBG_FP_WRITE_POST ok file=C:\ProgramData\GuardianFW\state\event-fingerprint.json
2025-12-30T19:08:30Z DBG_ENTRY_WARMUP_OK allow=True key=taskwarmup|DESKTOP-5BHFT4V|6996
2025-12-30T19:08:44Z DBG_BEFORE_MAIN_EXIT
2025-12-30T19:08:44Z DBG_MAIN_EXIT
2025-12-30T19:10:19Z DBG_TRAP_TOP user=DESKTOP-5BHFT4V$ pid=24196
2025-12-30T19:10:19Z DBG_SCRIPT_START user=DESKTOP-5BHFT4V$ pid=24196
2025-12-30T19:10:20Z DBG_SCRIPT_END user=DESKTOP-5BHFT4V$ pid=24196
2025-12-30T19:10:20Z DBG_MAIN_ENTER
2025-12-30T19:10:20Z DBG_ENTRY_WARMUP
2025-12-30T19:10:20Z DBG_SHOULDLOG_ENTER_FORCE
2025-12-30T19:10:20Z DBG_SHOULDLOG_ENTER key=taskwarmup|DESKTOP-5BHFT4V|24196
2025-12-30T19:10:25Z DBG_FP_WRITE_POST ok file=C:\ProgramData\GuardianFW\state\event-fingerprint.json
2025-12-30T19:10:27Z DBG_ENTRY_WARMUP_OK allow=True key=taskwarmup|DESKTOP-5BHFT4V|24196
2025-12-30T19:10:40Z DBG_BEFORE_MAIN_EXIT
2025-12-30T19:10:40Z DBG_MAIN_EXIT
2025-12-30T19:12:19Z DBG_TRAP_TOP user=DESKTOP-5BHFT4V$ pid=20192
2025-12-30T19:12:19Z DBG_SCRIPT_START user=DESKTOP-5BHFT4V$ pid=20192
2025-12-30T19:12:20Z DBG_SCRIPT_END user=DESKTOP-5BHFT4V$ pid=20192
2025-12-30T19:12:20Z DBG_MAIN_ENTER
2025-12-30T19:12:20Z DBG_ENTRY_WARMUP
2025-12-30T19:12:20Z DBG_SHOULDLOG_ENTER_FORCE
2025-12-30T19:12:20Z DBG_SHOULDLOG_ENTER key=taskwarmup|DESKTOP-5BHFT4V|20192
2025-12-30T19:12:25Z DBG_FP_WRITE_POST ok file=C:\ProgramData\GuardianFW\state\event-fingerprint.json
2025-12-30T19:12:28Z DBG_ENTRY_WARMUP_OK allow=True key=taskwarmup|DESKTOP-5BHFT4V|20192
2025-12-30T19:12:42Z DBG_BEFORE_MAIN_EXIT
2025-12-30T19:12:42Z DBG_MAIN_EXIT
2025-12-30T21:43:57Z DBG_TRAP_TOP user=DESKTOP-5BHFT4V$ pid=27076
2025-12-30T21:43:57Z DBG_SCRIPT_START user=DESKTOP-5BHFT4V$ pid=27076
2025-12-30T21:43:59Z DBG_SCRIPT_END user=DESKTOP-5BHFT4V$ pid=27076
2025-12-30T21:43:59Z DBG_MAIN_ENTER
2025-12-30T21:43:59Z DBG_ENTRY_WARMUP
2025-12-30T21:43:59Z DBG_SHOULDLOG_ENTER_FORCE
2025-12-30T21:43:59Z DBG_SHOULDLOG_ENTER key=taskwarmup|DESKTOP-5BHFT4V|27076
2025-12-30T21:44:02Z DBG_FP_WRITE_POST ok file=C:\ProgramData\GuardianFW\state\event-fingerprint.json
2025-12-30T21:44:05Z DBG_ENTRY_WARMUP_OK allow=True key=taskwarmup|DESKTOP-5BHFT4V|27076
2025-12-30T21:44:12Z DBG_BEFORE_MAIN_EXIT
2025-12-30T21:44:12Z DBG_MAIN_EXIT
2025-12-30T21:44:19Z DBG_TRAP_TOP user=DESKTOP-5BHFT4V$ pid=8616
2025-12-30T21:44:19Z DBG_SCRIPT_START user=DESKTOP-5BHFT4V$ pid=8616
2025-12-30T21:44:20Z DBG_SCRIPT_END user=DESKTOP-5BHFT4V$ pid=8616
2025-12-30T21:44:20Z DBG_MAIN_ENTER
2025-12-30T21:44:20Z DBG_ENTRY_WARMUP
2025-12-30T21:44:20Z DBG_SHOULDLOG_ENTER_FORCE
2025-12-30T21:44:20Z DBG_SHOULDLOG_ENTER key=taskwarmup|DESKTOP-5BHFT4V|8616
2025-12-30T21:44:23Z DBG_FP_WRITE_POST ok file=C:\ProgramData\GuardianFW\state\event-fingerprint.json
2025-12-30T21:44:25Z DBG_ENTRY_WARMUP_OK allow=True key=taskwarmup|DESKTOP-5BHFT4V|8616
2025-12-30T21:44:36Z DBG_BEFORE_MAIN_EXIT
2025-12-30T21:44:36Z DBG_MAIN_EXIT
2025-12-30T21:46:19Z DBG_TRAP_TOP user=DESKTOP-5BHFT4V$ pid=16900
2025-12-30T21:46:19Z DBG_SCRIPT_START user=DESKTOP-5BHFT4V$ pid=16900
2025-12-30T21:46:20Z DBG_SCRIPT_END user=DESKTOP-5BHFT4V$ pid=16900
2025-12-30T21:46:20Z DBG_MAIN_ENTER
2025-12-30T21:46:20Z DBG_ENTRY_WARMUP
2025-12-30T21:46:20Z DBG_SHOULDLOG_ENTER_FORCE
2025-12-30T21:46:20Z DBG_SHOULDLOG_ENTER key=taskwarmup|DESKTOP-5BHFT4V|16900
2025-12-30T21:46:23Z DBG_FP_WRITE_POST ok file=C:\ProgramData\GuardianFW\state\event-fingerprint.json
2025-12-30T21:46:25Z DBG_ENTRY_WARMUP_OK allow=True key=taskwarmup|DESKTOP-5BHFT4V|16900
2025-12-30T21:46:33Z DBG_BEFORE_MAIN_EXIT
2025-12-30T21:46:33Z DBG_MAIN_EXIT
2025-12-30T21:48:19Z DBG_TRAP_TOP user=DESKTOP-5BHFT4V$ pid=24724
2025-12-30T21:48:19Z DBG_SCRIPT_START user=DESKTOP-5BHFT4V$ pid=24724
2025-12-30T21:48:20Z DBG_SCRIPT_END user=DESKTOP-5BHFT4V$ pid=24724
2025-12-30T21:48:20Z DBG_MAIN_ENTER
2025-12-30T21:48:20Z DBG_ENTRY_WARMUP
2025-12-30T21:48:20Z DBG_SHOULDLOG_ENTER_FORCE
2025-12-30T21:48:20Z DBG_SHOULDLOG_ENTER key=taskwarmup|DESKTOP-5BHFT4V|24724
2025-12-30T21:48:23Z DBG_FP_WRITE_POST ok file=C:\ProgramData\GuardianFW\state\event-fingerprint.json
2025-12-30T21:48:25Z DBG_ENTRY_WARMUP_OK allow=True key=taskwarmup|DESKTOP-5BHFT4V|24724
2025-12-30T21:48:34Z DBG_BEFORE_MAIN_EXIT
2025-12-30T21:48:34Z DBG_MAIN_EXIT
2025-12-30T21:50:19Z DBG_TRAP_TOP user=DESKTOP-5BHFT4V$ pid=27260
2025-12-30T21:50:19Z DBG_SCRIPT_START user=DESKTOP-5BHFT4V$ pid=27260
2025-12-30T21:50:20Z DBG_SCRIPT_END user=DESKTOP-5BHFT4V$ pid=27260
2025-12-30T21:50:20Z DBG_MAIN_ENTER
2025-12-30T21:50:20Z DBG_ENTRY_WARMUP
2025-12-30T21:50:20Z DBG_SHOULDLOG_ENTER_FORCE
2025-12-30T21:50:20Z DBG_SHOULDLOG_ENTER key=taskwarmup|DESKTOP-5BHFT4V|27260
2025-12-30T21:50:24Z DBG_FP_WRITE_POST ok file=C:\ProgramData\GuardianFW\state\event-fingerprint.json
2025-12-30T21:50:25Z DBG_ENTRY_WARMUP_OK allow=True key=taskwarmup|DESKTOP-5BHFT4V|27260
2025-12-30T21:50:33Z DBG_BEFORE_MAIN_EXIT
2025-12-30T21:50:33Z DBG_MAIN_EXIT
2025-12-30T21:52:19Z DBG_TRAP_TOP user=DESKTOP-5BHFT4V$ pid=12320
2025-12-30T21:52:19Z DBG_SCRIPT_START user=DESKTOP-5BHFT4V$ pid=12320
2025-12-30T21:52:20Z DBG_SCRIPT_END user=DESKTOP-5BHFT4V$ pid=12320
2025-12-30T21:52:20Z DBG_MAIN_ENTER
2025-12-30T21:52:20Z DBG_ENTRY_WARMUP
2025-12-30T21:52:20Z DBG_SHOULDLOG_ENTER_FORCE
2025-12-30T21:52:20Z DBG_SHOULDLOG_ENTER key=taskwarmup|DESKTOP-5BHFT4V|12320
2025-12-30T21:52:23Z DBG_FP_WRITE_POST ok file=C:\ProgramData\GuardianFW\state\event-fingerprint.json
2025-12-30T21:52:26Z DBG_ENTRY_WARMUP_OK allow=True key=taskwarmup|DESKTOP-5BHFT4V|12320
2025-12-30T21:52:34Z DBG_BEFORE_MAIN_EXIT
2025-12-30T21:52:34Z DBG_MAIN_EXIT
2025-12-30T21:54:20Z DBG_TRAP_TOP user=DESKTOP-5BHFT4V$ pid=27568
2025-12-30T21:54:20Z DBG_SCRIPT_START user=DESKTOP-5BHFT4V$ pid=27568
2025-12-30T21:54:21Z DBG_SCRIPT_END user=DESKTOP-5BHFT4V$ pid=27568
2025-12-30T21:54:22Z DBG_MAIN_ENTER
2025-12-30T21:54:22Z DBG_ENTRY_WARMUP
2025-12-30T21:54:22Z DBG_SHOULDLOG_ENTER_FORCE
2025-12-30T21:54:22Z DBG_SHOULDLOG_ENTER key=taskwarmup|DESKTOP-5BHFT4V|27568
2025-12-30T21:54:25Z DBG_FP_WRITE_POST ok file=C:\ProgramData\GuardianFW\state\event-fingerprint.json
2025-12-30T21:54:27Z DBG_ENTRY_WARMUP_OK allow=True key=taskwarmup|DESKTOP-5BHFT4V|27568
2025-12-30T21:54:35Z DBG_BEFORE_MAIN_EXIT
2025-12-30T21:54:35Z DBG_MAIN_EXIT
2025-12-30T21:56:19Z DBG_TRAP_TOP user=DESKTOP-5BHFT4V$ pid=9164
2025-12-30T21:56:19Z DBG_SCRIPT_START user=DESKTOP-5BHFT4V$ pid=9164
2025-12-30T21:56:20Z DBG_SCRIPT_END user=DESKTOP-5BHFT4V$ pid=9164
2025-12-30T21:56:20Z DBG_MAIN_ENTER
2025-12-30T21:56:20Z DBG_ENTRY_WARMUP
2025-12-30T21:56:20Z DBG_SHOULDLOG_ENTER_FORCE
2025-12-30T21:56:20Z DBG_SHOULDLOG_ENTER key=taskwarmup|DESKTOP-5BHFT4V|9164
2025-12-30T21:56:24Z DBG_FP_WRITE_POST ok file=C:\ProgramData\GuardianFW\state\event-fingerprint.json
2025-12-30T21:56:27Z DBG_ENTRY_WARMUP_OK allow=True key=taskwarmup|DESKTOP-5BHFT4V|9164
2025-12-30T21:56:35Z DBG_BEFORE_MAIN_EXIT
2025-12-30T21:56:35Z DBG_MAIN_EXIT
2025-12-30T21:58:19Z DBG_TRAP_TOP user=DESKTOP-5BHFT4V$ pid=17004
2025-12-30T21:58:19Z DBG_SCRIPT_START user=DESKTOP-5BHFT4V$ pid=17004
2025-12-30T21:58:20Z DBG_SCRIPT_END user=DESKTOP-5BHFT4V$ pid=17004
2025-12-30T21:58:20Z DBG_MAIN_ENTER
2025-12-30T21:58:20Z DBG_ENTRY_WARMUP
2025-12-30T21:58:20Z DBG_SHOULDLOG_ENTER_FORCE
2025-12-30T21:58:20Z DBG_SHOULDLOG_ENTER key=taskwarmup|DESKTOP-5BHFT4V|17004
2025-12-30T21:58:23Z DBG_FP_WRITE_POST ok file=C:\ProgramData\GuardianFW\state\event-fingerprint.json
2025-12-30T21:58:24Z DBG_ENTRY_WARMUP_OK allow=True key=taskwarmup|DESKTOP-5BHFT4V|17004
2025-12-30T21:58:31Z DBG_BEFORE_MAIN_EXIT
2025-12-30T21:58:31Z DBG_MAIN_EXIT
2025-12-30T22:00:20Z DBG_TRAP_TOP user=DESKTOP-5BHFT4V$ pid=15204
2025-12-30T22:00:20Z DBG_SCRIPT_START user=DESKTOP-5BHFT4V$ pid=15204
2025-12-30T22:00:21Z DBG_SCRIPT_END user=DESKTOP-5BHFT4V$ pid=15204
2025-12-30T22:00:21Z DBG_MAIN_ENTER
2025-12-30T22:00:21Z DBG_ENTRY_WARMUP
2025-12-30T22:00:21Z DBG_SHOULDLOG_ENTER_FORCE
2025-12-30T22:00:21Z DBG_SHOULDLOG_ENTER key=taskwarmup|DESKTOP-5BHFT4V|15204
2025-12-30T22:00:26Z DBG_FP_WRITE_POST ok file=C:\ProgramData\GuardianFW\state\event-fingerprint.json
2025-12-30T22:00:28Z DBG_ENTRY_WARMUP_OK allow=True key=taskwarmup|DESKTOP-5BHFT4V|15204
2025-12-30T22:00:36Z DBG_BEFORE_MAIN_EXIT
2025-12-30T22:00:36Z DBG_MAIN_EXIT
2025-12-30T22:02:20Z DBG_TRAP_TOP user=DESKTOP-5BHFT4V$ pid=16772
2025-12-30T22:02:20Z DBG_SCRIPT_START user=DESKTOP-5BHFT4V$ pid=16772
2025-12-30T22:02:21Z DBG_SCRIPT_END user=DESKTOP-5BHFT4V$ pid=16772
2025-12-30T22:02:21Z DBG_MAIN_ENTER
2025-12-30T22:02:21Z DBG_ENTRY_WARMUP
2025-12-30T22:02:21Z DBG_SHOULDLOG_ENTER_FORCE
2025-12-30T22:02:21Z DBG_SHOULDLOG_ENTER key=taskwarmup|DESKTOP-5BHFT4V|16772
2025-12-30T22:02:24Z DBG_FP_WRITE_POST ok file=C:\ProgramData\GuardianFW\state\event-fingerprint.json
2025-12-30T22:02:26Z DBG_ENTRY_WARMUP_OK allow=True key=taskwarmup|DESKTOP-5BHFT4V|16772
2025-12-30T22:02:36Z DBG_BEFORE_MAIN_EXIT
2025-12-30T22:02:36Z DBG_MAIN_EXIT
2025-12-30T22:04:20Z DBG_TRAP_TOP user=DESKTOP-5BHFT4V$ pid=11480
2025-12-30T22:04:20Z DBG_SCRIPT_START user=DESKTOP-5BHFT4V$ pid=11480
2025-12-30T22:04:20Z DBG_SCRIPT_END user=DESKTOP-5BHFT4V$ pid=11480
2025-12-30T22:04:20Z DBG_MAIN_ENTER
2025-12-30T22:04:20Z DBG_ENTRY_WARMUP
2025-12-30T22:04:20Z DBG_SHOULDLOG_ENTER_FORCE
2025-12-30T22:04:20Z DBG_SHOULDLOG_ENTER key=taskwarmup|DESKTOP-5BHFT4V|11480
2025-12-30T22:04:23Z DBG_FP_WRITE_POST ok file=C:\ProgramData\GuardianFW\state\event-fingerprint.json
2025-12-30T22:04:24Z DBG_ENTRY_WARMUP_OK allow=True key=taskwarmup|DESKTOP-5BHFT4V|11480
2025-12-30T22:04:32Z DBG_BEFORE_MAIN_EXIT
2025-12-30T22:04:32Z DBG_MAIN_EXIT
2025-12-30T22:06:20Z DBG_TRAP_TOP user=DESKTOP-5BHFT4V$ pid=17756
2025-12-30T22:06:20Z DBG_SCRIPT_START user=DESKTOP-5BHFT4V$ pid=17756
2025-12-30T22:06:20Z DBG_SCRIPT_END user=DESKTOP-5BHFT4V$ pid=17756
2025-12-30T22:06:20Z DBG_MAIN_ENTER
2025-12-30T22:06:20Z DBG_ENTRY_WARMUP
2025-12-30T22:06:20Z DBG_SHOULDLOG_ENTER_FORCE
2025-12-30T22:06:20Z DBG_SHOULDLOG_ENTER key=taskwarmup|DESKTOP-5BHFT4V|17756
2025-12-30T22:06:23Z DBG_FP_WRITE_POST ok file=C:\ProgramData\GuardianFW\state\event-fingerprint.json
2025-12-30T22:06:25Z DBG_ENTRY_WARMUP_OK allow=True key=taskwarmup|DESKTOP-5BHFT4V|17756
2025-12-30T22:06:32Z DBG_BEFORE_MAIN_EXIT
2025-12-30T22:06:32Z DBG_MAIN_EXIT
2025-12-30T22:08:20Z DBG_TRAP_TOP user=DESKTOP-5BHFT4V$ pid=13080
2025-12-30T22:08:20Z DBG_SCRIPT_START user=DESKTOP-5BHFT4V$ pid=13080
2025-12-30T22:08:20Z DBG_SCRIPT_END user=DESKTOP-5BHFT4V$ pid=13080
2025-12-30T22:08:20Z DBG_MAIN_ENTER
2025-12-30T22:08:20Z DBG_ENTRY_WARMUP
2025-12-30T22:08:20Z DBG_SHOULDLOG_ENTER_FORCE
2025-12-30T22:08:20Z DBG_SHOULDLOG_ENTER key=taskwarmup|DESKTOP-5BHFT4V|13080
2025-12-30T22:08:23Z DBG_FP_WRITE_POST ok file=C:\ProgramData\GuardianFW\state\event-fingerprint.json
2025-12-30T22:08:25Z DBG_ENTRY_WARMUP_OK allow=True key=taskwarmup|DESKTOP-5BHFT4V|13080
2025-12-30T22:08:33Z DBG_BEFORE_MAIN_EXIT
2025-12-30T22:08:33Z DBG_MAIN_EXIT
2025-12-30T22:10:20Z DBG_TRAP_TOP user=DESKTOP-5BHFT4V$ pid=5204
2025-12-30T22:10:20Z DBG_SCRIPT_START user=DESKTOP-5BHFT4V$ pid=5204
2025-12-30T22:10:21Z DBG_SCRIPT_END user=DESKTOP-5BHFT4V$ pid=5204
2025-12-30T22:10:21Z DBG_MAIN_ENTER
2025-12-30T22:10:21Z DBG_ENTRY_WARMUP
2025-12-30T22:10:21Z DBG_SHOULDLOG_ENTER_FORCE
2025-12-30T22:10:21Z DBG_SHOULDLOG_ENTER key=taskwarmup|DESKTOP-5BHFT4V|5204
2025-12-30T22:10:23Z DBG_FP_WRITE_POST ok file=C:\ProgramData\GuardianFW\state\event-fingerprint.json
2025-12-30T22:10:25Z DBG_ENTRY_WARMUP_OK allow=True key=taskwarmup|DESKTOP-5BHFT4V|5204
2025-12-30T22:10:32Z DBG_BEFORE_MAIN_EXIT
2025-12-30T22:10:32Z DBG_MAIN_EXIT
2025-12-30T22:12:19Z DBG_TRAP_TOP user=DESKTOP-5BHFT4V$ pid=16600
2025-12-30T22:12:20Z DBG_SCRIPT_START user=DESKTOP-5BHFT4V$ pid=16600
2025-12-30T22:12:20Z DBG_SCRIPT_END user=DESKTOP-5BHFT4V$ pid=16600
2025-12-30T22:12:20Z DBG_MAIN_ENTER
2025-12-30T22:12:20Z DBG_ENTRY_WARMUP
2025-12-30T22:12:20Z DBG_SHOULDLOG_ENTER_FORCE
2025-12-30T22:12:20Z DBG_SHOULDLOG_ENTER key=taskwarmup|DESKTOP-5BHFT4V|16600
2025-12-30T22:12:23Z DBG_FP_WRITE_POST ok file=C:\ProgramData\GuardianFW\state\event-fingerprint.json
2025-12-30T22:12:24Z DBG_ENTRY_WARMUP_OK allow=True key=taskwarmup|DESKTOP-5BHFT4V|16600
2025-12-30T22:12:31Z DBG_BEFORE_MAIN_EXIT
2025-12-30T22:12:31Z DBG_MAIN_EXIT
2025-12-30T22:14:20Z DBG_TRAP_TOP user=DESKTOP-5BHFT4V$ pid=5680
2025-12-30T22:14:20Z DBG_SCRIPT_START user=DESKTOP-5BHFT4V$ pid=5680
2025-12-30T22:14:20Z DBG_SCRIPT_END user=DESKTOP-5BHFT4V$ pid=5680
2025-12-30T22:14:20Z DBG_MAIN_ENTER
2025-12-30T22:14:20Z DBG_ENTRY_WARMUP
2025-12-30T22:14:21Z DBG_SHOULDLOG_ENTER_FORCE
2025-12-30T22:14:21Z DBG_SHOULDLOG_ENTER key=taskwarmup|DESKTOP-5BHFT4V|5680
2025-12-30T22:14:24Z DBG_FP_WRITE_POST ok file=C:\ProgramData\GuardianFW\state\event-fingerprint.json
2025-12-30T22:14:25Z DBG_ENTRY_WARMUP_OK allow=True key=taskwarmup|DESKTOP-5BHFT4V|5680
2025-12-30T22:14:33Z DBG_BEFORE_MAIN_EXIT
2025-12-30T22:14:33Z DBG_MAIN_EXIT
2025-12-30T22:16:20Z DBG_TRAP_TOP user=DESKTOP-5BHFT4V$ pid=18368
2025-12-30T22:16:20Z DBG_SCRIPT_START user=DESKTOP-5BHFT4V$ pid=18368
2025-12-30T22:16:20Z DBG_SCRIPT_END user=DESKTOP-5BHFT4V$ pid=18368
2025-12-30T22:16:20Z DBG_MAIN_ENTER
2025-12-30T22:16:20Z DBG_ENTRY_WARMUP
2025-12-30T22:16:20Z DBG_SHOULDLOG_ENTER_FORCE
2025-12-30T22:16:20Z DBG_SHOULDLOG_ENTER key=taskwarmup|DESKTOP-5BHFT4V|18368
2025-12-30T22:16:23Z DBG_FP_WRITE_POST ok file=C:\ProgramData\GuardianFW\state\event-fingerprint.json
2025-12-30T22:16:24Z DBG_ENTRY_WARMUP_OK allow=True key=taskwarmup|DESKTOP-5BHFT4V|18368
2025-12-30T22:16:31Z DBG_BEFORE_MAIN_EXIT
2025-12-30T22:16:31Z DBG_MAIN_EXIT
2025-12-30T22:18:20Z DBG_TRAP_TOP user=DESKTOP-5BHFT4V$ pid=19140
2025-12-30T22:18:20Z DBG_SCRIPT_START user=DESKTOP-5BHFT4V$ pid=19140
2025-12-30T22:18:21Z DBG_SCRIPT_END user=DESKTOP-5BHFT4V$ pid=19140
2025-12-30T22:18:21Z DBG_MAIN_ENTER
2025-12-30T22:18:21Z DBG_ENTRY_WARMUP
2025-12-30T22:18:21Z DBG_SHOULDLOG_ENTER_FORCE
2025-12-30T22:18:21Z DBG_SHOULDLOG_ENTER key=taskwarmup|DESKTOP-5BHFT4V|19140
2025-12-30T22:18:25Z DBG_FP_WRITE_POST ok file=C:\ProgramData\GuardianFW\state\event-fingerprint.json
2025-12-30T22:18:27Z DBG_ENTRY_WARMUP_OK allow=True key=taskwarmup|DESKTOP-5BHFT4V|19140
2025-12-30T22:18:35Z DBG_BEFORE_MAIN_EXIT
2025-12-30T22:18:35Z DBG_MAIN_EXIT
2025-12-30T22:20:20Z DBG_TRAP_TOP user=DESKTOP-5BHFT4V$ pid=23260
2025-12-30T22:20:20Z DBG_SCRIPT_START user=DESKTOP-5BHFT4V$ pid=23260
2025-12-30T22:20:20Z DBG_SCRIPT_END user=DESKTOP-5BHFT4V$ pid=23260
2025-12-30T22:20:20Z DBG_MAIN_ENTER
2025-12-30T22:20:20Z DBG_ENTRY_WARMUP
2025-12-30T22:20:21Z DBG_SHOULDLOG_ENTER_FORCE
2025-12-30T22:20:21Z DBG_SHOULDLOG_ENTER key=taskwarmup|DESKTOP-5BHFT4V|23260
2025-12-30T22:20:23Z DBG_FP_WRITE_POST ok file=C:\ProgramData\GuardianFW\state\event-fingerprint.json
2025-12-30T22:20:25Z DBG_ENTRY_WARMUP_OK allow=True key=taskwarmup|DESKTOP-5BHFT4V|23260
2025-12-30T22:20:32Z DBG_BEFORE_MAIN_EXIT
2025-12-30T22:20:32Z DBG_MAIN_EXIT
2025-12-30T22:22:20Z DBG_TRAP_TOP user=DESKTOP-5BHFT4V$ pid=6916
2025-12-30T22:22:20Z DBG_SCRIPT_START user=DESKTOP-5BHFT4V$ pid=6916
2025-12-30T22:22:21Z DBG_SCRIPT_END user=DESKTOP-5BHFT4V$ pid=6916
2025-12-30T22:22:21Z DBG_MAIN_ENTER
2025-12-30T22:22:21Z DBG_ENTRY_WARMUP
2025-12-30T22:22:21Z DBG_SHOULDLOG_ENTER_FORCE
2025-12-30T22:22:21Z DBG_SHOULDLOG_ENTER key=taskwarmup|DESKTOP-5BHFT4V|6916
2025-12-30T22:22:24Z DBG_FP_WRITE_POST ok file=C:\ProgramData\GuardianFW\state\event-fingerprint.json
2025-12-30T22:22:25Z DBG_ENTRY_WARMUP_OK allow=True key=taskwarmup|DESKTOP-5BHFT4V|6916
2025-12-30T22:22:34Z DBG_BEFORE_MAIN_EXIT
2025-12-30T22:22:34Z DBG_MAIN_EXIT
2025-12-30T22:24:20Z DBG_TRAP_TOP user=DESKTOP-5BHFT4V$ pid=22068
2025-12-30T22:24:20Z DBG_SCRIPT_START user=DESKTOP-5BHFT4V$ pid=22068
2025-12-30T22:24:21Z DBG_SCRIPT_END user=DESKTOP-5BHFT4V$ pid=22068
2025-12-30T22:24:21Z DBG_MAIN_ENTER
2025-12-30T22:24:21Z DBG_ENTRY_WARMUP
2025-12-30T22:24:21Z DBG_SHOULDLOG_ENTER_FORCE
2025-12-30T22:24:21Z DBG_SHOULDLOG_ENTER key=taskwarmup|DESKTOP-5BHFT4V|22068
2025-12-30T22:24:24Z DBG_FP_WRITE_POST ok file=C:\ProgramData\GuardianFW\state\event-fingerprint.json
2025-12-30T22:24:26Z DBG_ENTRY_WARMUP_OK allow=True key=taskwarmup|DESKTOP-5BHFT4V|22068
2025-12-30T22:24:34Z DBG_BEFORE_MAIN_EXIT
2025-12-30T22:24:34Z DBG_MAIN_EXIT
2025-12-30T22:28:19Z DBG_TRAP_TOP user=DESKTOP-5BHFT4V$ pid=16320
2025-12-30T22:28:19Z DBG_SCRIPT_START user=DESKTOP-5BHFT4V$ pid=16320
2025-12-30T22:28:20Z DBG_SCRIPT_END user=DESKTOP-5BHFT4V$ pid=16320
2025-12-30T22:28:20Z DBG_MAIN_ENTER
2025-12-30T22:28:20Z DBG_ENTRY_WARMUP
2025-12-30T22:28:20Z DBG_SHOULDLOG_ENTER_FORCE
2025-12-30T22:28:20Z DBG_SHOULDLOG_ENTER key=taskwarmup|DESKTOP-5BHFT4V|16320
2025-12-30T22:28:24Z DBG_FP_WRITE_POST ok file=C:\ProgramData\GuardianFW\state\event-fingerprint.json
2025-12-30T22:28:27Z DBG_ENTRY_WARMUP_OK allow=True key=taskwarmup|DESKTOP-5BHFT4V|16320
2025-12-30T22:28:35Z DBG_BEFORE_MAIN_EXIT
2025-12-30T22:28:35Z DBG_MAIN_EXIT
2025-12-30T22:30:19Z DBG_TRAP_TOP user=DESKTOP-5BHFT4V$ pid=22360
2025-12-30T22:30:19Z DBG_SCRIPT_START user=DESKTOP-5BHFT4V$ pid=22360
2025-12-30T22:30:20Z DBG_SCRIPT_END user=DESKTOP-5BHFT4V$ pid=22360
2025-12-30T22:30:20Z DBG_MAIN_ENTER
2025-12-30T22:30:20Z DBG_ENTRY_WARMUP
2025-12-30T22:30:20Z DBG_SHOULDLOG_ENTER_FORCE
2025-12-30T22:30:20Z DBG_SHOULDLOG_ENTER key=taskwarmup|DESKTOP-5BHFT4V|22360
2025-12-30T22:30:23Z DBG_FP_WRITE_POST ok file=C:\ProgramData\GuardianFW\state\event-fingerprint.json
2025-12-30T22:30:26Z DBG_ENTRY_WARMUP_OK allow=True key=taskwarmup|DESKTOP-5BHFT4V|22360
2025-12-30T22:30:35Z DBG_BEFORE_MAIN_EXIT
2025-12-30T22:30:35Z DBG_MAIN_EXIT
2025-12-30T22:32:19Z DBG_TRAP_TOP user=DESKTOP-5BHFT4V$ pid=12312
2025-12-30T22:32:19Z DBG_SCRIPT_START user=DESKTOP-5BHFT4V$ pid=12312
2025-12-30T22:32:21Z DBG_SCRIPT_END user=DESKTOP-5BHFT4V$ pid=12312
2025-12-30T22:32:21Z DBG_MAIN_ENTER
2025-12-30T22:32:21Z DBG_ENTRY_WARMUP
2025-12-30T22:32:21Z DBG_SHOULDLOG_ENTER_FORCE
2025-12-30T22:32:21Z DBG_SHOULDLOG_ENTER key=taskwarmup|DESKTOP-5BHFT4V|12312
2025-12-30T22:32:24Z DBG_FP_WRITE_POST ok file=C:\ProgramData\GuardianFW\state\event-fingerprint.json
2025-12-30T22:32:25Z DBG_ENTRY_WARMUP_OK allow=True key=taskwarmup|DESKTOP-5BHFT4V|12312
2025-12-30T22:32:34Z DBG_BEFORE_MAIN_EXIT
2025-12-30T22:32:34Z DBG_MAIN_EXIT
2025-12-30T22:34:19Z DBG_TRAP_TOP user=DESKTOP-5BHFT4V$ pid=4156
2025-12-30T22:34:19Z DBG_SCRIPT_START user=DESKTOP-5BHFT4V$ pid=4156
2025-12-30T22:34:21Z DBG_SCRIPT_END user=DESKTOP-5BHFT4V$ pid=4156
2025-12-30T22:34:21Z DBG_MAIN_ENTER
2025-12-30T22:34:21Z DBG_ENTRY_WARMUP
2025-12-30T22:34:21Z DBG_SHOULDLOG_ENTER_FORCE
2025-12-30T22:34:21Z DBG_SHOULDLOG_ENTER key=taskwarmup|DESKTOP-5BHFT4V|4156
2025-12-30T22:34:24Z DBG_FP_WRITE_POST ok file=C:\ProgramData\GuardianFW\state\event-fingerprint.json
2025-12-30T22:34:26Z DBG_ENTRY_WARMUP_OK allow=True key=taskwarmup|DESKTOP-5BHFT4V|4156
2025-12-30T22:34:37Z DBG_BEFORE_MAIN_EXIT
2025-12-30T22:34:37Z DBG_MAIN_EXIT
2025-12-30T22:36:19Z DBG_TRAP_TOP user=DESKTOP-5BHFT4V$ pid=21128
2025-12-30T22:36:19Z DBG_SCRIPT_START user=DESKTOP-5BHFT4V$ pid=21128
2025-12-30T22:36:21Z DBG_SCRIPT_END user=DESKTOP-5BHFT4V$ pid=21128
2025-12-30T22:36:21Z DBG_MAIN_ENTER
2025-12-30T22:36:21Z DBG_ENTRY_WARMUP
2025-12-30T22:36:21Z DBG_SHOULDLOG_ENTER_FORCE
2025-12-30T22:36:21Z DBG_SHOULDLOG_ENTER key=taskwarmup|DESKTOP-5BHFT4V|21128
2025-12-30T22:36:24Z DBG_FP_WRITE_POST ok file=C:\ProgramData\GuardianFW\state\event-fingerprint.json
2025-12-30T22:36:25Z DBG_ENTRY_WARMUP_OK allow=True key=taskwarmup|DESKTOP-5BHFT4V|21128
2025-12-30T22:36:33Z DBG_BEFORE_MAIN_EXIT
2025-12-30T22:36:33Z DBG_MAIN_EXIT
2025-12-30T22:38:20Z DBG_TRAP_TOP user=DESKTOP-5BHFT4V$ pid=6944
2025-12-30T22:38:20Z DBG_SCRIPT_START user=DESKTOP-5BHFT4V$ pid=6944
2025-12-30T22:38:21Z DBG_SCRIPT_END user=DESKTOP-5BHFT4V$ pid=6944
2025-12-30T22:38:21Z DBG_MAIN_ENTER
2025-12-30T22:38:21Z DBG_ENTRY_WARMUP
2025-12-30T22:38:21Z DBG_SHOULDLOG_ENTER_FORCE
2025-12-30T22:38:21Z DBG_SHOULDLOG_ENTER key=taskwarmup|DESKTOP-5BHFT4V|6944
2025-12-30T22:38:24Z DBG_FP_WRITE_POST ok file=C:\ProgramData\GuardianFW\state\event-fingerprint.json
2025-12-30T22:38:26Z DBG_ENTRY_WARMUP_OK allow=True key=taskwarmup|DESKTOP-5BHFT4V|6944
2025-12-30T22:38:34Z DBG_BEFORE_MAIN_EXIT
2025-12-30T22:38:34Z DBG_MAIN_EXIT
2025-12-30T22:40:19Z DBG_TRAP_TOP user=DESKTOP-5BHFT4V$ pid=16560
2025-12-30T22:40:19Z DBG_SCRIPT_START user=DESKTOP-5BHFT4V$ pid=16560
2025-12-30T22:40:21Z DBG_SCRIPT_END user=DESKTOP-5BHFT4V$ pid=16560
2025-12-30T22:40:21Z DBG_MAIN_ENTER
2025-12-30T22:40:21Z DBG_ENTRY_WARMUP
2025-12-30T22:40:21Z DBG_SHOULDLOG_ENTER_FORCE
2025-12-30T22:40:21Z DBG_SHOULDLOG_ENTER key=taskwarmup|DESKTOP-5BHFT4V|16560
2025-12-30T22:40:24Z DBG_FP_WRITE_POST ok file=C:\ProgramData\GuardianFW\state\event-fingerprint.json
2025-12-30T22:40:25Z DBG_ENTRY_WARMUP_OK allow=True key=taskwarmup|DESKTOP-5BHFT4V|16560
2025-12-30T22:40:33Z DBG_BEFORE_MAIN_EXIT
2025-12-30T22:40:33Z DBG_MAIN_EXIT
2025-12-30T22:42:19Z DBG_TRAP_TOP user=DESKTOP-5BHFT4V$ pid=5304
2025-12-30T22:42:19Z DBG_SCRIPT_START user=DESKTOP-5BHFT4V$ pid=5304
2025-12-30T22:42:20Z DBG_SCRIPT_END user=DESKTOP-5BHFT4V$ pid=5304
2025-12-30T22:42:20Z DBG_MAIN_ENTER
2025-12-30T22:42:20Z DBG_ENTRY_WARMUP
2025-12-30T22:42:20Z DBG_SHOULDLOG_ENTER_FORCE
2025-12-30T22:42:20Z DBG_SHOULDLOG_ENTER key=taskwarmup|DESKTOP-5BHFT4V|5304
2025-12-30T22:42:23Z DBG_FP_WRITE_POST ok file=C:\ProgramData\GuardianFW\state\event-fingerprint.json
2025-12-30T22:42:24Z DBG_ENTRY_WARMUP_OK allow=True key=taskwarmup|DESKTOP-5BHFT4V|5304
2025-12-30T22:42:32Z DBG_BEFORE_MAIN_EXIT
2025-12-30T22:42:32Z DBG_MAIN_EXIT
